<?xml version="1.0" encoding="UTF-8"?>
<!-- Generated by org.testng.reporters.JUnitXMLReporter -->
<testsuite ignored="0" hostname="Lirans-MBP" failures="2" tests="2" name="Surefire test" time="27.961" errors="0" timestamp="01 Feb 2018 14:53:33 GMT">
  <testcase classname="CI_Integrations.JenkinsPlugin" name="TestCheckWindow on TestCheckWindow(CI_Integrations.JenkinsPlugin)" time="14.037">
    <failure type="com.applitools.eyes.exceptions.DiffsFoundException" message="Test &amp;apos;TestCheckWindow&amp;apos; of &amp;apos;Applitools_Demo&amp;apos; detected differences! See details at: https://eyes.applitools.com/app/batches/00000251884804011415/00000251884804010141?accountId=ZZFuPvFFXEmhjSdKex8kLQ~~">
      <![CDATA[com.applitools.eyes.exceptions.DiffsFoundException: Test 'TestCheckWindow' of 'Applitools_Demo' detected differences! See details at: https://eyes.applitools.com/app/batches/00000251884804011415/00000251884804010141?accountId=ZZFuPvFFXEmhjSdKex8kLQ~~
	at com.applitools.eyes.EyesBase.close(EyesBase.java:671)
	at com.applitools.eyes.EyesBase.close(EyesBase.java:617)
	at CI_Integrations.JenkinsPlugin.tearDown(JenkinsPlugin.java:64)
	at org.junit.runners.model.FrameworkMethod$1.runReflectiveCall(FrameworkMethod.java:50)
	at org.junit.internal.runners.model.ReflectiveCallable.run(ReflectiveCallable.java:12)
	at org.junit.runners.model.FrameworkMethod.invokeExplosively(FrameworkMethod.java:47)
	at org.junit.internal.runners.statements.RunAfters.evaluate(RunAfters.java:33)
	at org.junit.rules.TestWatcher$1.evaluate(TestWatcher.java:55)
	at org.junit.rules.RunRules.evaluate(RunRules.java:20)
	at org.junit.runners.ParentRunner.runLeaf(ParentRunner.java:325)
	at org.junit.runners.BlockJUnit4ClassRunner.runChild(BlockJUnit4ClassRunner.java:78)
	at org.junit.runners.BlockJUnit4ClassRunner.runChild(BlockJUnit4ClassRunner.java:57)
	at org.junit.runners.ParentRunner$3.run(ParentRunner.java:290)
	at org.junit.runners.ParentRunner$1.schedule(ParentRunner.java:71)
	at org.junit.runners.ParentRunner.runChildren(ParentRunner.java:288)
	at org.junit.runners.ParentRunner.access$000(ParentRunner.java:58)
	at org.junit.runners.ParentRunner$2.evaluate(ParentRunner.java:268)
	at org.junit.internal.runners.statements.RunBefores.evaluate(RunBefores.java:26)
	at org.junit.runners.ParentRunner.run(ParentRunner.java:363)
	at org.junit.runner.JUnitCore.run(JUnitCore.java:137)
	at org.junit.runner.JUnitCore.run(JUnitCore.java:115)
... Removed 28 stack frames]]>
    </failure>
  </testcase> <!-- TestCheckWindow on TestCheckWindow(CI_Integrations.JenkinsPlugin) -->
  <testcase classname="CI_Integrations.JenkinsPlugin" name="TestCheckWindowIgnoreAndFloatingRegion on TestCheckWindowIgnoreAndFloatingRegion(CI_Integrations.JenkinsPlugin)" time="27.875">
    <failure type="com.applitools.eyes.exceptions.DiffsFoundException" message="Test &amp;apos;TestCheckWindowIgnoreAndFloatingRegion&amp;apos; of &amp;apos;Applitools_Demo&amp;apos; detected differences! See details at: https://eyes.applitools.com/app/batches/00000251884804011415/00000251884803998897?accountId=ZZFuPvFFXEmhjSdKex8kLQ~~">
      <![CDATA[com.applitools.eyes.exceptions.DiffsFoundException: Test 'TestCheckWindowIgnoreAndFloatingRegion' of 'Applitools_Demo' detected differences! See details at: https://eyes.applitools.com/app/batches/00000251884804011415/00000251884803998897?accountId=ZZFuPvFFXEmhjSdKex8kLQ~~
	at com.applitools.eyes.EyesBase.close(EyesBase.java:671)
	at com.applitools.eyes.EyesBase.close(EyesBase.java:617)
	at CI_Integrations.JenkinsPlugin.tearDown(JenkinsPlugin.java:64)
	at org.junit.runners.model.FrameworkMethod$1.runReflectiveCall(FrameworkMethod.java:50)
	at org.junit.internal.runners.model.ReflectiveCallable.run(ReflectiveCallable.java:12)
	at org.junit.runners.model.FrameworkMethod.invokeExplosively(FrameworkMethod.java:47)
	at org.junit.internal.runners.statements.RunAfters.evaluate(RunAfters.java:33)
	at org.junit.rules.TestWatcher$1.evaluate(TestWatcher.java:55)
	at org.junit.rules.RunRules.evaluate(RunRules.java:20)
	at org.junit.runners.ParentRunner.runLeaf(ParentRunner.java:325)
	at org.junit.runners.BlockJUnit4ClassRunner.runChild(BlockJUnit4ClassRunner.java:78)
	at org.junit.runners.BlockJUnit4ClassRunner.runChild(BlockJUnit4ClassRunner.java:57)
	at org.junit.runners.ParentRunner$3.run(ParentRunner.java:290)
	at org.junit.runners.ParentRunner$1.schedule(ParentRunner.java:71)
	at org.junit.runners.ParentRunner.runChildren(ParentRunner.java:288)
	at org.junit.runners.ParentRunner.access$000(ParentRunner.java:58)
	at org.junit.runners.ParentRunner$2.evaluate(ParentRunner.java:268)
	at org.junit.internal.runners.statements.RunBefores.evaluate(RunBefores.java:26)
	at org.junit.runners.ParentRunner.run(ParentRunner.java:363)
	at org.junit.runner.JUnitCore.run(JUnitCore.java:137)
	at org.junit.runner.JUnitCore.run(JUnitCore.java:115)
... Removed 28 stack frames]]>
    </failure>
  </testcase> <!-- TestCheckWindowIgnoreAndFloatingRegion on TestCheckWindowIgnoreAndFloatingRegion(CI_Integrations.JenkinsPlugin) -->
</testsuite> <!-- Surefire test -->
